app/build/outputs/logs/manifest-merger-debug-report.txt
-- Merging decision tree log ---
manifest
ADDED from src/main/AndroidManifest.xml:2:1-47:12
	package
		ADDED from src/main/AndroidManifest.xml:3:5-31
		INJECTED from src/main/AndroidManifest.xml
		INJECTED from src/main/AndroidManifest.xml
	android:versionName
		INJECTED from src/main/AndroidManifest.xml
		INJECTED from src/main/AndroidManifest.xml
	xmlns:android
		ADDED from src/main/AndroidManifest.xml:2:11-69
	android:versionCode
		INJECTED from src/main/AndroidManifest.xml
		INJECTED from src/main/AndroidManifest.xml
uses-permission#android.permission.INTERNET
ADDED from src/main/AndroidManifest.xml:4:5-67
	android:name
		ADDED from src/main/AndroidManifest.xml:4:22-64
uses-feature#0x00020000
ADDED from src/main/AndroidManifest.xml:6:5-8:35
	android:glEsVersion
		ADDED from src/main/AndroidManifest.xml:7:9-41
	android:required
		ADDED from src/main/AndroidManifest.xml:8:9-32
uses-feature#android.hardware.sensor.gyroscope
ADDED from src/main/AndroidManifest.xml:9:5-11:36
	android:required
		ADDED from src/main/AndroidManifest.xml:11:9-33
	android:name
		ADDED from src/main/AndroidManifest.xml:10:9-57
uses-feature#android.hardware.sensor.accelerometer
ADDED from src/main/AndroidManifest.xml:12:5-14:36
	android:required
		ADDED from src/main/AndroidManifest.xml:14:9-33
	android:name
		ADDED from src/main/AndroidManifest.xml:13:9-61
application
ADDED from src/main/AndroidManifest.xml:16:5-45:19
MERGED from [com.android.support:appcompat-v7:23.4.0] AndroidManifest.xml:25:5-20
MERGED from [com.android.support:animated-vector-drawable:23.4.0] AndroidManifest.xml:7:5-20
MERGED from [com.android.support:support-vector-drawable:23.4.0] AndroidManifest.xml:7:5-20
MERGED from [com.android.support:support-v4:23.4.0] AndroidManifest.xml:22:5-20
MERGED from [com.android.support:support-v4:23.4.0] AndroidManifest.xml:22:5-20
MERGED from [com.android.support:support-vector-drawable:23.4.0] AndroidManifest.xml:7:5-20
MERGED from [com.android.support:support-v4:23.4.0] AndroidManifest.xml:22:5-20
	android:label
		ADDED from src/main/AndroidManifest.xml:19:9-41
	android:supportsRtl
		ADDED from src/main/AndroidManifest.xml:20:9-35
	android:allowBackup
		ADDED from src/main/AndroidManifest.xml:17:9-36
	android:icon
		ADDED from src/main/AndroidManifest.xml:18:9-43
	android:theme
		ADDED from src/main/AndroidManifest.xml:21:9-67
activity#com.blblbl.torus.menu.MenuActivity
ADDED from src/main/AndroidManifest.xml:22:9-31:20
	android:screenOrientation
		ADDED from src/main/AndroidManifest.xml:25:13-50
	android:configChanges
		ADDED from src/main/AndroidManifest.xml:24:13-63
	android:name
		ADDED from src/main/AndroidManifest.xml:23:13-46
intent-filter#android.intent.action.MAIN+android.intent.category.LAUNCHER
ADDED from src/main/AndroidManifest.xml:26:13-30:29
action#android.intent.action.MAIN
ADDED from src/main/AndroidManifest.xml:27:17-69
	android:name
		ADDED from src/main/AndroidManifest.xml:27:25-66
category#android.intent.category.LAUNCHER
ADDED from src/main/AndroidManifest.xml:29:17-77
	android:name
		ADDED from src/main/AndroidManifest.xml:29:27-74
activity#com.blblbl.torus.interaction_game.MainActivity
ADDED from src/main/AndroidManifest.xml:32:9-36:20
	android:screenOrientation
		ADDED from src/main/AndroidManifest.xml:35:13-50
	android:configChanges
		ADDED from src/main/AndroidManifest.xml:34:13-63
	android:name
		ADDED from src/main/AndroidManifest.xml:33:13-58
service#com.blblbl.torus.game.GameManager
ADDED from src/main/AndroidManifest.xml:38:9-40:38
	android:enabled
		ADDED from src/main/AndroidManifest.xml:40:13-35
	android:name
		ADDED from src/main/AndroidManifest.xml:39:13-45
activity#com.blblbl.torus.menu.OptionsActivity
ADDED from src/main/AndroidManifest.xml:42:9-44:53
	android:screenOrientation
		ADDED from src/main/AndroidManifest.xml:44:13-50
	android:configChanges
		ADDED from src/main/AndroidManifest.xml:43:13-63
	android:name
		ADDED from src/main/AndroidManifest.xml:42:19-55
uses-sdk
INJECTED from src/main/AndroidManifest.xml reason: use-sdk injection requested
MERGED from [com.android.support:appcompat-v7:23.4.0] AndroidManifest.xml:21:5-23:78
MERGED from [com.android.support:animated-vector-drawable:23.4.0] AndroidManifest.xml:5:5-44
MERGED from [com.android.support:support-vector-drawable:23.4.0] AndroidManifest.xml:5:5-43
MERGED from [com.android.support:support-v4:23.4.0] AndroidManifest.xml:20:5-43
MERGED from [com.android.support:support-v4:23.4.0] AndroidManifest.xml:20:5-43
MERGED from [com.android.support:support-vector-drawable:23.4.0] AndroidManifest.xml:5:5-43
MERGED from [com.android.support:support-v4:23.4.0] AndroidManifest.xml:20:5-43
	tools:overrideLibrary
		ADDED from [com.android.support:appcompat-v7:23.4.0] AndroidManifest.xml:23:9-75
	android:targetSdkVersion
		INJECTED from src/main/AndroidManifest.xml
		INJECTED from src/main/AndroidManifest.xml
	android:minSdkVersion
		INJECTED from src/main/AndroidManifest.xml
		INJECTED from src/main/AndroidManifest.xml